{"level":"error","message":"error 메세지"}
{"level":"warn","message":"warn 메세지"}
{"level":"info","message":"info 메세지"}
{"level":"error","message":"error 메세지"}
{"level":"warn","message":"warn 메세지"}
{"level":"info","message":"info 메세지"}
{"level":"error","message":"error 메세지","timestamp":"2023-03-10T02:36:40.946Z"}
{"level":"warn","message":"warn 메세지","timestamp":"2023-03-10T02:36:40.947Z"}
{"level":"info","message":"info 메세지","timestamp":"2023-03-10T02:36:40.947Z"}
{"level":"error","message":"error 메세지","timestamp":"2023-03-10T02:36:48.585Z"}
{"level":"warn","message":"warn 메세지","timestamp":"2023-03-10T02:36:48.585Z"}
{"level":"info","message":"info 메세지","timestamp":"2023-03-10T02:36:48.585Z"}
{"level":"error","message":"error 메세지","timestamp":"2023-03-10 11:40:55"}
{"level":"warn","message":"warn 메세지","timestamp":"2023-03-10 11:40:55"}
{"level":"info","message":"info 메세지","timestamp":"2023-03-10 11:40:55"}
{"level":"error","message":"error 메세지","timestamp":"2023-03-10 11:51:21"}
{"level":"warn","message":"warn 메세지","timestamp":"2023-03-10 11:51:21"}
{"level":"info","message":"info 메세지","timestamp":"2023-03-10 11:51:21"}
{"level":"error","message":"error 메세지","timestamp":"2023-03-10 11:51:32"}
{"level":"warn","message":"warn 메세지","timestamp":"2023-03-10 11:51:32"}
{"level":"info","message":"info 메세지","timestamp":"2023-03-10 11:51:32"}
